2015-12-19 17:20:44 INFO  DispatcherServlet:479 - FrameworkServlet 'mvc-dispatcher': initialization started
2015-12-19 17:20:44 INFO  XmlWebApplicationContext:513 - Refreshing WebApplicationContext for namespace 'mvc-dispatcher-servlet': startup date [Sat Dec 19 17:20:44 PST 2015]; root of context hierarchy
2015-12-19 17:20:44 INFO  XmlBeanDefinitionReader:316 - Loading XML bean definitions from ServletContext resource [/WEB-INF/spring-config.xml]
2015-12-19 17:20:45 INFO  DriverManagerDataSource:133 - Loaded JDBC driver: com.mysql.jdbc.Driver
2015-12-19 17:20:45 INFO  PostProcessorRegistrationDelegate$BeanPostProcessorChecker:309 - Bean 'dataSource' of type [class org.springframework.jdbc.datasource.DriverManagerDataSource] is not eligible for getting processed by all BeanPostProcessors (for example: not eligible for auto-proxying)
2015-12-19 17:20:45 INFO  Version:66 - HCANN000001: Hibernate Commons Annotations {4.0.4.Final}
2015-12-19 17:20:45 INFO  Version:54 - HHH000412: Hibernate Core {4.3.11.Final}
2015-12-19 17:20:45 INFO  Environment:239 - HHH000206: hibernate.properties not found
2015-12-19 17:20:45 INFO  Environment:346 - HHH000021: Bytecode provider name : javassist
2015-12-19 17:20:45 WARN  JdbcServicesImpl:204 - HHH000342: Could not obtain connection to query metadata : Access denied for user 'root'@'localhost' (using password: YES)
2015-12-19 17:20:45 INFO  Dialect:145 - HHH000400: Using dialect: org.hibernate.dialect.MySQL5Dialect
2015-12-19 17:20:45 INFO  LobCreatorBuilder:88 - HHH000422: Disabling contextual LOB creation as connection was null
2015-12-19 17:20:45 INFO  TransactionFactoryInitiator:62 - HHH000399: Using default transaction strategy (direct JDBC transactions)
2015-12-19 17:20:45 INFO  ASTQueryTranslatorFactory:47 - HHH000397: Using ASTQueryTranslatorFactory
2015-12-19 17:20:46 INFO  PostProcessorRegistrationDelegate$BeanPostProcessorChecker:309 - Bean 'sessionFactory' of type [class org.springframework.orm.hibernate4.LocalSessionFactoryBean] is not eligible for getting processed by all BeanPostProcessors (for example: not eligible for auto-proxying)
2015-12-19 17:20:46 INFO  RequestMappingHandlerMapping:197 - Mapped "{[/employee/delete/{id}],methods=[GET],params=[],headers=[],consumes=[],produces=[],custom=[]}" onto public com.beingjavaguys.model.Status com.beingjavaguys.controller.RestController.deleteEmployee(long)
2015-12-19 17:20:46 INFO  RequestMappingHandlerMapping:197 - Mapped "{[/employee/list],methods=[GET],params=[],headers=[],consumes=[],produces=[],custom=[]}" onto public java.util.List<com.beingjavaguys.model.Employee> com.beingjavaguys.controller.RestController.getEmployee()
2015-12-19 17:20:46 INFO  RequestMappingHandlerMapping:197 - Mapped "{[/employee/{id}],methods=[GET],params=[],headers=[],consumes=[],produces=[],custom=[]}" onto public com.beingjavaguys.model.Employee com.beingjavaguys.controller.RestController.getEmployee(long)
2015-12-19 17:20:46 INFO  RequestMappingHandlerMapping:197 - Mapped "{[/employee/create],methods=[POST],params=[],headers=[],consumes=[application/json],produces=[],custom=[]}" onto public com.beingjavaguys.model.Status com.beingjavaguys.controller.RestController.addEmployee(com.beingjavaguys.model.Employee)
2015-12-19 17:20:46 INFO  HibernateTransactionManager:339 - Using DataSource [org.springframework.jdbc.datasource.DriverManagerDataSource@2b019280] of Hibernate SessionFactory for HibernateTransactionManager
2015-12-19 17:20:46 INFO  DispatcherServlet:498 - FrameworkServlet 'mvc-dispatcher': initialization completed in 2230 ms
2015-12-19 21:12:08 INFO  DispatcherServlet:479 - FrameworkServlet 'mvc-dispatcher': initialization started
2015-12-19 21:12:08 INFO  XmlWebApplicationContext:513 - Refreshing WebApplicationContext for namespace 'mvc-dispatcher-servlet': startup date [Sat Dec 19 21:12:08 PST 2015]; root of context hierarchy
2015-12-19 21:12:08 INFO  XmlBeanDefinitionReader:316 - Loading XML bean definitions from ServletContext resource [/WEB-INF/spring-config.xml]
2015-12-19 21:12:09 INFO  DriverManagerDataSource:133 - Loaded JDBC driver: com.mysql.jdbc.Driver
2015-12-19 21:12:09 INFO  PostProcessorRegistrationDelegate$BeanPostProcessorChecker:309 - Bean 'dataSource' of type [class org.springframework.jdbc.datasource.DriverManagerDataSource] is not eligible for getting processed by all BeanPostProcessors (for example: not eligible for auto-proxying)
2015-12-19 21:12:09 INFO  Version:66 - HCANN000001: Hibernate Commons Annotations {4.0.4.Final}
2015-12-19 21:12:09 INFO  Version:54 - HHH000412: Hibernate Core {4.3.11.Final}
2015-12-19 21:12:09 INFO  Environment:239 - HHH000206: hibernate.properties not found
2015-12-19 21:12:09 INFO  Environment:346 - HHH000021: Bytecode provider name : javassist
2015-12-19 21:12:10 WARN  JdbcServicesImpl:204 - HHH000342: Could not obtain connection to query metadata : Access denied for user 'root'@'localhost' (using password: YES)
2015-12-19 21:12:10 INFO  Dialect:145 - HHH000400: Using dialect: org.hibernate.dialect.MySQL5Dialect
2015-12-19 21:12:10 INFO  LobCreatorBuilder:88 - HHH000422: Disabling contextual LOB creation as connection was null
2015-12-19 21:12:10 INFO  TransactionFactoryInitiator:62 - HHH000399: Using default transaction strategy (direct JDBC transactions)
2015-12-19 21:12:10 INFO  ASTQueryTranslatorFactory:47 - HHH000397: Using ASTQueryTranslatorFactory
2015-12-19 21:12:10 INFO  PostProcessorRegistrationDelegate$BeanPostProcessorChecker:309 - Bean 'sessionFactory' of type [class org.springframework.orm.hibernate4.LocalSessionFactoryBean] is not eligible for getting processed by all BeanPostProcessors (for example: not eligible for auto-proxying)
2015-12-19 21:12:10 INFO  RequestMappingHandlerMapping:197 - Mapped "{[/employee/delete/{id}],methods=[GET],params=[],headers=[],consumes=[],produces=[],custom=[]}" onto public com.beingjavaguys.model.Status com.beingjavaguys.controller.RestController.deleteEmployee(long)
2015-12-19 21:12:10 INFO  RequestMappingHandlerMapping:197 - Mapped "{[/employee/list],methods=[GET],params=[],headers=[],consumes=[],produces=[],custom=[]}" onto public java.util.List<com.beingjavaguys.model.Employee> com.beingjavaguys.controller.RestController.getEmployee()
2015-12-19 21:12:10 INFO  RequestMappingHandlerMapping:197 - Mapped "{[/employee/{id}],methods=[GET],params=[],headers=[],consumes=[],produces=[],custom=[]}" onto public com.beingjavaguys.model.Employee com.beingjavaguys.controller.RestController.getEmployee(long)
2015-12-19 21:12:10 INFO  RequestMappingHandlerMapping:197 - Mapped "{[/employee/create],methods=[POST],params=[],headers=[],consumes=[application/json],produces=[],custom=[]}" onto public com.beingjavaguys.model.Status com.beingjavaguys.controller.RestController.addEmployee(com.beingjavaguys.model.Employee)
2015-12-19 21:12:11 INFO  HibernateTransactionManager:339 - Using DataSource [org.springframework.jdbc.datasource.DriverManagerDataSource@1d1708fa] of Hibernate SessionFactory for HibernateTransactionManager
2015-12-19 21:12:11 INFO  DispatcherServlet:498 - FrameworkServlet 'mvc-dispatcher': initialization completed in 2651 ms
2015-12-19 21:12:23 WARN  PageNotFound:1114 - No mapping found for HTTP request with URI [/SpringRestCrud/] in DispatcherServlet with name 'mvc-dispatcher'
2015-12-19 21:12:31 WARN  PageNotFound:1114 - No mapping found for HTTP request with URI [/SpringRestCrud/index.html] in DispatcherServlet with name 'mvc-dispatcher'
2015-12-19 21:12:42 WARN  PageNotFound:1114 - No mapping found for HTTP request with URI [/SpringRestCrud/index.html] in DispatcherServlet with name 'mvc-dispatcher'
2015-12-19 21:13:21 INFO  XmlWebApplicationContext:873 - Closing WebApplicationContext for namespace 'mvc-dispatcher-servlet': startup date [Sat Dec 19 21:12:08 PST 2015]; root of context hierarchy
2015-12-19 21:13:23 INFO  DispatcherServlet:479 - FrameworkServlet 'mvc-dispatcher': initialization started
2015-12-19 21:13:23 INFO  XmlWebApplicationContext:513 - Refreshing WebApplicationContext for namespace 'mvc-dispatcher-servlet': startup date [Sat Dec 19 21:13:23 PST 2015]; root of context hierarchy
2015-12-19 21:13:23 INFO  XmlBeanDefinitionReader:316 - Loading XML bean definitions from ServletContext resource [/WEB-INF/spring-config.xml]
2015-12-19 21:13:24 INFO  DriverManagerDataSource:133 - Loaded JDBC driver: com.mysql.jdbc.Driver
2015-12-19 21:13:24 INFO  PostProcessorRegistrationDelegate$BeanPostProcessorChecker:309 - Bean 'dataSource' of type [class org.springframework.jdbc.datasource.DriverManagerDataSource] is not eligible for getting processed by all BeanPostProcessors (for example: not eligible for auto-proxying)
2015-12-19 21:13:24 INFO  Version:66 - HCANN000001: Hibernate Commons Annotations {4.0.4.Final}
2015-12-19 21:13:24 INFO  Version:54 - HHH000412: Hibernate Core {4.3.11.Final}
2015-12-19 21:13:24 INFO  Environment:239 - HHH000206: hibernate.properties not found
2015-12-19 21:13:24 INFO  Environment:346 - HHH000021: Bytecode provider name : javassist
2015-12-19 21:13:24 WARN  JdbcServicesImpl:204 - HHH000342: Could not obtain connection to query metadata : Access denied for user 'root'@'localhost' (using password: YES)
2015-12-19 21:13:24 INFO  Dialect:145 - HHH000400: Using dialect: org.hibernate.dialect.MySQL5Dialect
2015-12-19 21:13:24 INFO  LobCreatorBuilder:88 - HHH000422: Disabling contextual LOB creation as connection was null
2015-12-19 21:13:25 INFO  TransactionFactoryInitiator:62 - HHH000399: Using default transaction strategy (direct JDBC transactions)
2015-12-19 21:13:25 INFO  ASTQueryTranslatorFactory:47 - HHH000397: Using ASTQueryTranslatorFactory
2015-12-19 21:13:25 INFO  PostProcessorRegistrationDelegate$BeanPostProcessorChecker:309 - Bean 'sessionFactory' of type [class org.springframework.orm.hibernate4.LocalSessionFactoryBean] is not eligible for getting processed by all BeanPostProcessors (for example: not eligible for auto-proxying)
2015-12-19 21:13:25 INFO  RequestMappingHandlerMapping:197 - Mapped "{[/employee/delete/{id}],methods=[GET],params=[],headers=[],consumes=[],produces=[],custom=[]}" onto public com.beingjavaguys.model.Status com.beingjavaguys.controller.RestController.deleteEmployee(long)
2015-12-19 21:13:25 INFO  RequestMappingHandlerMapping:197 - Mapped "{[/employee/list],methods=[GET],params=[],headers=[],consumes=[],produces=[],custom=[]}" onto public java.util.List<com.beingjavaguys.model.Employee> com.beingjavaguys.controller.RestController.getEmployee()
2015-12-19 21:13:25 INFO  RequestMappingHandlerMapping:197 - Mapped "{[/employee/{id}],methods=[GET],params=[],headers=[],consumes=[],produces=[],custom=[]}" onto public com.beingjavaguys.model.Employee com.beingjavaguys.controller.RestController.getEmployee(long)
2015-12-19 21:13:25 INFO  RequestMappingHandlerMapping:197 - Mapped "{[/employee/create],methods=[POST],params=[],headers=[],consumes=[application/json],produces=[],custom=[]}" onto public com.beingjavaguys.model.Status com.beingjavaguys.controller.RestController.addEmployee(com.beingjavaguys.model.Employee)
2015-12-19 21:13:25 INFO  HibernateTransactionManager:339 - Using DataSource [org.springframework.jdbc.datasource.DriverManagerDataSource@65ffdbac] of Hibernate SessionFactory for HibernateTransactionManager
2015-12-19 21:13:25 INFO  DispatcherServlet:498 - FrameworkServlet 'mvc-dispatcher': initialization completed in 2123 ms
2015-12-19 21:13:29 WARN  PageNotFound:1114 - No mapping found for HTTP request with URI [/SpringRestCrud/] in DispatcherServlet with name 'mvc-dispatcher'
2015-12-19 21:18:05 INFO  DispatcherServlet:479 - FrameworkServlet 'mvc-dispatcher': initialization started
2015-12-19 21:18:05 INFO  XmlWebApplicationContext:513 - Refreshing WebApplicationContext for namespace 'mvc-dispatcher-servlet': startup date [Sat Dec 19 21:18:05 PST 2015]; root of context hierarchy
2015-12-19 21:18:05 INFO  XmlBeanDefinitionReader:316 - Loading XML bean definitions from ServletContext resource [/WEB-INF/spring-config.xml]
2015-12-19 21:18:06 INFO  DriverManagerDataSource:133 - Loaded JDBC driver: com.mysql.jdbc.Driver
2015-12-19 21:18:06 INFO  PostProcessorRegistrationDelegate$BeanPostProcessorChecker:309 - Bean 'dataSource' of type [class org.springframework.jdbc.datasource.DriverManagerDataSource] is not eligible for getting processed by all BeanPostProcessors (for example: not eligible for auto-proxying)
2015-12-19 21:18:07 INFO  Version:66 - HCANN000001: Hibernate Commons Annotations {4.0.4.Final}
2015-12-19 21:18:07 INFO  Version:54 - HHH000412: Hibernate Core {4.3.11.Final}
2015-12-19 21:18:07 INFO  Environment:239 - HHH000206: hibernate.properties not found
2015-12-19 21:18:07 INFO  Environment:346 - HHH000021: Bytecode provider name : javassist
2015-12-19 21:18:07 WARN  JdbcServicesImpl:204 - HHH000342: Could not obtain connection to query metadata : Access denied for user 'root'@'localhost' (using password: YES)
2015-12-19 21:18:07 INFO  Dialect:145 - HHH000400: Using dialect: org.hibernate.dialect.MySQL5Dialect
2015-12-19 21:18:07 INFO  LobCreatorBuilder:88 - HHH000422: Disabling contextual LOB creation as connection was null
2015-12-19 21:18:07 INFO  TransactionFactoryInitiator:62 - HHH000399: Using default transaction strategy (direct JDBC transactions)
2015-12-19 21:18:07 INFO  ASTQueryTranslatorFactory:47 - HHH000397: Using ASTQueryTranslatorFactory
2015-12-19 21:18:08 INFO  PostProcessorRegistrationDelegate$BeanPostProcessorChecker:309 - Bean 'sessionFactory' of type [class org.springframework.orm.hibernate4.LocalSessionFactoryBean] is not eligible for getting processed by all BeanPostProcessors (for example: not eligible for auto-proxying)
2015-12-19 21:18:08 INFO  RequestMappingHandlerMapping:197 - Mapped "{[/employee/delete/{id}],methods=[GET],params=[],headers=[],consumes=[],produces=[],custom=[]}" onto public com.beingjavaguys.model.Status com.beingjavaguys.controller.RestController.deleteEmployee(long)
2015-12-19 21:18:08 INFO  RequestMappingHandlerMapping:197 - Mapped "{[/employee/list],methods=[GET],params=[],headers=[],consumes=[],produces=[],custom=[]}" onto public java.util.List<com.beingjavaguys.model.Employee> com.beingjavaguys.controller.RestController.getEmployee()
2015-12-19 21:18:08 INFO  RequestMappingHandlerMapping:197 - Mapped "{[/employee/{id}],methods=[GET],params=[],headers=[],consumes=[],produces=[],custom=[]}" onto public com.beingjavaguys.model.Employee com.beingjavaguys.controller.RestController.getEmployee(long)
2015-12-19 21:18:08 INFO  RequestMappingHandlerMapping:197 - Mapped "{[/employee/create],methods=[POST],params=[],headers=[],consumes=[application/json],produces=[],custom=[]}" onto public com.beingjavaguys.model.Status com.beingjavaguys.controller.RestController.addEmployee(com.beingjavaguys.model.Employee)
2015-12-19 21:18:08 INFO  HibernateTransactionManager:339 - Using DataSource [org.springframework.jdbc.datasource.DriverManagerDataSource@66d6c2b1] of Hibernate SessionFactory for HibernateTransactionManager
2015-12-19 21:18:08 INFO  DispatcherServlet:498 - FrameworkServlet 'mvc-dispatcher': initialization completed in 3249 ms
2015-12-19 21:18:20 WARN  PageNotFound:1114 - No mapping found for HTTP request with URI [/SpringRestCrud/] in DispatcherServlet with name 'mvc-dispatcher'
2015-12-19 21:18:48 WARN  PageNotFound:1114 - No mapping found for HTTP request with URI [/SpringRestCrud/index.html] in DispatcherServlet with name 'mvc-dispatcher'
2015-12-19 21:19:32 WARN  PageNotFound:1114 - No mapping found for HTTP request with URI [/SpringRestCrud/hello.js] in DispatcherServlet with name 'mvc-dispatcher'
2015-12-19 21:20:58 WARN  PageNotFound:1114 - No mapping found for HTTP request with URI [/SpringRestCrud/greeting] in DispatcherServlet with name 'mvc-dispatcher'
2015-12-19 21:21:08 WARN  PageNotFound:1114 - No mapping found for HTTP request with URI [/SpringRestCrud/greet] in DispatcherServlet with name 'mvc-dispatcher'
2015-12-19 21:21:15 WARN  PageNotFound:1114 - No mapping found for HTTP request with URI [/SpringRestCrud/hello.js] in DispatcherServlet with name 'mvc-dispatcher'
2015-12-19 21:21:33 WARN  PageNotFound:1114 - No mapping found for HTTP request with URI [/SpringRestCrud/index.html] in DispatcherServlet with name 'mvc-dispatcher'
2015-12-19 21:21:45 WARN  PageNotFound:1114 - No mapping found for HTTP request with URI [/SpringRestCrud/greeting] in DispatcherServlet with name 'mvc-dispatcher'
2015-12-19 21:22:58 WARN  PageNotFound:1114 - No mapping found for HTTP request with URI [/SpringRestCrud/] in DispatcherServlet with name 'mvc-dispatcher'
2015-12-19 21:24:35 WARN  PageNotFound:1114 - No mapping found for HTTP request with URI [/SpringRestCrud/] in DispatcherServlet with name 'mvc-dispatcher'
2015-12-19 21:27:07 INFO  DispatcherServlet:479 - FrameworkServlet 'mvc-dispatcher': initialization started
2015-12-19 21:27:07 INFO  XmlWebApplicationContext:513 - Refreshing WebApplicationContext for namespace 'mvc-dispatcher-servlet': startup date [Sat Dec 19 21:27:07 PST 2015]; root of context hierarchy
2015-12-19 21:27:07 INFO  XmlBeanDefinitionReader:316 - Loading XML bean definitions from ServletContext resource [/WEB-INF/spring-config.xml]
2015-12-19 21:27:08 INFO  DriverManagerDataSource:133 - Loaded JDBC driver: com.mysql.jdbc.Driver
2015-12-19 21:27:08 INFO  PostProcessorRegistrationDelegate$BeanPostProcessorChecker:309 - Bean 'dataSource' of type [class org.springframework.jdbc.datasource.DriverManagerDataSource] is not eligible for getting processed by all BeanPostProcessors (for example: not eligible for auto-proxying)
2015-12-19 21:27:08 INFO  Version:66 - HCANN000001: Hibernate Commons Annotations {4.0.4.Final}
2015-12-19 21:27:08 INFO  Version:54 - HHH000412: Hibernate Core {4.3.11.Final}
2015-12-19 21:27:08 INFO  Environment:239 - HHH000206: hibernate.properties not found
2015-12-19 21:27:08 INFO  Environment:346 - HHH000021: Bytecode provider name : javassist
2015-12-19 21:27:08 WARN  JdbcServicesImpl:204 - HHH000342: Could not obtain connection to query metadata : Access denied for user 'root'@'localhost' (using password: YES)
2015-12-19 21:27:08 INFO  Dialect:145 - HHH000400: Using dialect: org.hibernate.dialect.MySQL5Dialect
2015-12-19 21:27:08 INFO  LobCreatorBuilder:88 - HHH000422: Disabling contextual LOB creation as connection was null
2015-12-19 21:27:09 INFO  TransactionFactoryInitiator:62 - HHH000399: Using default transaction strategy (direct JDBC transactions)
2015-12-19 21:27:09 INFO  ASTQueryTranslatorFactory:47 - HHH000397: Using ASTQueryTranslatorFactory
2015-12-19 21:27:09 INFO  PostProcessorRegistrationDelegate$BeanPostProcessorChecker:309 - Bean 'sessionFactory' of type [class org.springframework.orm.hibernate4.LocalSessionFactoryBean] is not eligible for getting processed by all BeanPostProcessors (for example: not eligible for auto-proxying)
2015-12-19 21:27:09 INFO  RequestMappingHandlerMapping:197 - Mapped "{[/greeting],methods=[],params=[],headers=[],consumes=[],produces=[],custom=[]}" onto public com.appstore.entity.Greeting com.beingjavaguys.controller.GreetingController.greeting(java.lang.String)
2015-12-19 21:27:09 INFO  RequestMappingHandlerMapping:197 - Mapped "{[/greeting-javaconfig],methods=[],params=[],headers=[],consumes=[],produces=[],custom=[]}" onto public com.appstore.entity.Greeting com.beingjavaguys.controller.GreetingController.greetingWithJavaconfig(java.lang.String)
2015-12-19 21:27:09 INFO  RequestMappingHandlerMapping:197 - Mapped "{[/employee/create],methods=[POST],params=[],headers=[],consumes=[application/json],produces=[],custom=[]}" onto public com.beingjavaguys.model.Status com.beingjavaguys.controller.RestController.addEmployee(com.beingjavaguys.model.Employee)
2015-12-19 21:27:09 INFO  RequestMappingHandlerMapping:197 - Mapped "{[/employee/delete/{id}],methods=[GET],params=[],headers=[],consumes=[],produces=[],custom=[]}" onto public com.beingjavaguys.model.Status com.beingjavaguys.controller.RestController.deleteEmployee(long)
2015-12-19 21:27:09 INFO  RequestMappingHandlerMapping:197 - Mapped "{[/employee/list],methods=[GET],params=[],headers=[],consumes=[],produces=[],custom=[]}" onto public java.util.List<com.beingjavaguys.model.Employee> com.beingjavaguys.controller.RestController.getEmployee()
2015-12-19 21:27:09 INFO  RequestMappingHandlerMapping:197 - Mapped "{[/employee/{id}],methods=[GET],params=[],headers=[],consumes=[],produces=[],custom=[]}" onto public com.beingjavaguys.model.Employee com.beingjavaguys.controller.RestController.getEmployee(long)
2015-12-19 21:27:10 INFO  HibernateTransactionManager:339 - Using DataSource [org.springframework.jdbc.datasource.DriverManagerDataSource@794a83ad] of Hibernate SessionFactory for HibernateTransactionManager
2015-12-19 21:27:10 INFO  DispatcherServlet:498 - FrameworkServlet 'mvc-dispatcher': initialization completed in 2702 ms
2015-12-19 21:27:36 WARN  PageNotFound:1114 - No mapping found for HTTP request with URI [/SpringRestCrud/] in DispatcherServlet with name 'mvc-dispatcher'
2015-12-19 21:27:41 WARN  PageNotFound:1114 - No mapping found for HTTP request with URI [/SpringRestCrud/hello.js] in DispatcherServlet with name 'mvc-dispatcher'
2015-12-19 21:32:50 INFO  DispatcherServlet:479 - FrameworkServlet 'mvc-dispatcher': initialization started
2015-12-19 21:32:50 INFO  XmlWebApplicationContext:513 - Refreshing WebApplicationContext for namespace 'mvc-dispatcher-servlet': startup date [Sat Dec 19 21:32:50 PST 2015]; root of context hierarchy
2015-12-19 21:32:50 INFO  XmlBeanDefinitionReader:316 - Loading XML bean definitions from ServletContext resource [/WEB-INF/spring-config.xml]
2015-12-19 21:32:50 INFO  DriverManagerDataSource:133 - Loaded JDBC driver: com.mysql.jdbc.Driver
2015-12-19 21:32:50 INFO  PostProcessorRegistrationDelegate$BeanPostProcessorChecker:309 - Bean 'dataSource' of type [class org.springframework.jdbc.datasource.DriverManagerDataSource] is not eligible for getting processed by all BeanPostProcessors (for example: not eligible for auto-proxying)
2015-12-19 21:32:51 INFO  Version:66 - HCANN000001: Hibernate Commons Annotations {4.0.4.Final}
2015-12-19 21:32:51 INFO  Version:54 - HHH000412: Hibernate Core {4.3.11.Final}
2015-12-19 21:32:51 INFO  Environment:239 - HHH000206: hibernate.properties not found
2015-12-19 21:32:51 INFO  Environment:346 - HHH000021: Bytecode provider name : javassist
2015-12-19 21:32:51 WARN  JdbcServicesImpl:204 - HHH000342: Could not obtain connection to query metadata : Access denied for user 'root'@'localhost' (using password: YES)
2015-12-19 21:32:51 INFO  Dialect:145 - HHH000400: Using dialect: org.hibernate.dialect.MySQL5Dialect
2015-12-19 21:32:51 INFO  LobCreatorBuilder:88 - HHH000422: Disabling contextual LOB creation as connection was null
2015-12-19 21:32:51 INFO  TransactionFactoryInitiator:62 - HHH000399: Using default transaction strategy (direct JDBC transactions)
2015-12-19 21:32:51 INFO  ASTQueryTranslatorFactory:47 - HHH000397: Using ASTQueryTranslatorFactory
2015-12-19 21:32:52 INFO  PostProcessorRegistrationDelegate$BeanPostProcessorChecker:309 - Bean 'sessionFactory' of type [class org.springframework.orm.hibernate4.LocalSessionFactoryBean] is not eligible for getting processed by all BeanPostProcessors (for example: not eligible for auto-proxying)
2015-12-19 21:32:52 INFO  RequestMappingHandlerMapping:197 - Mapped "{[/greeting-javaconfig],methods=[],params=[],headers=[],consumes=[],produces=[],custom=[]}" onto public com.appstore.entity.Greeting com.beingjavaguys.controller.GreetingController.greetingWithJavaconfig(java.lang.String)
2015-12-19 21:32:52 INFO  RequestMappingHandlerMapping:197 - Mapped "{[/greeting],methods=[],params=[],headers=[],consumes=[],produces=[],custom=[]}" onto public com.appstore.entity.Greeting com.beingjavaguys.controller.GreetingController.greeting(java.lang.String)
2015-12-19 21:32:52 INFO  RequestMappingHandlerMapping:197 - Mapped "{[/employee/greeting-javaconfig],methods=[],params=[],headers=[],consumes=[],produces=[],custom=[]}" onto public com.appstore.entity.Greeting com.beingjavaguys.controller.RestController.greetingWithJavaconfig(java.lang.String)
2015-12-19 21:32:52 INFO  RequestMappingHandlerMapping:197 - Mapped "{[/employee/greeting],methods=[],params=[],headers=[],consumes=[],produces=[],custom=[]}" onto public com.appstore.entity.Greeting com.beingjavaguys.controller.RestController.greeting(java.lang.String)
2015-12-19 21:32:52 INFO  RequestMappingHandlerMapping:197 - Mapped "{[/employee/create],methods=[POST],params=[],headers=[],consumes=[application/json],produces=[],custom=[]}" onto public com.beingjavaguys.model.Status com.beingjavaguys.controller.RestController.addEmployee(com.beingjavaguys.model.Employee)
2015-12-19 21:32:52 INFO  RequestMappingHandlerMapping:197 - Mapped "{[/employee/list],methods=[GET],params=[],headers=[],consumes=[],produces=[],custom=[]}" onto public java.util.List<com.beingjavaguys.model.Employee> com.beingjavaguys.controller.RestController.getEmployee()
2015-12-19 21:32:52 INFO  RequestMappingHandlerMapping:197 - Mapped "{[/employee/{id}],methods=[GET],params=[],headers=[],consumes=[],produces=[],custom=[]}" onto public com.beingjavaguys.model.Employee com.beingjavaguys.controller.RestController.getEmployee(long)
2015-12-19 21:32:52 INFO  RequestMappingHandlerMapping:197 - Mapped "{[/employee/delete/{id}],methods=[GET],params=[],headers=[],consumes=[],produces=[],custom=[]}" onto public com.beingjavaguys.model.Status com.beingjavaguys.controller.RestController.deleteEmployee(long)
2015-12-19 21:32:52 INFO  HibernateTransactionManager:339 - Using DataSource [org.springframework.jdbc.datasource.DriverManagerDataSource@72d72a81] of Hibernate SessionFactory for HibernateTransactionManager
2015-12-19 21:32:52 INFO  DispatcherServlet:498 - FrameworkServlet 'mvc-dispatcher': initialization completed in 2876 ms
2015-12-19 21:33:26 WARN  PageNotFound:1114 - No mapping found for HTTP request with URI [/SpringRestCrud/] in DispatcherServlet with name 'mvc-dispatcher'
2015-12-19 21:33:32 WARN  PageNotFound:1114 - No mapping found for HTTP request with URI [/SpringRestCrud/hello.js] in DispatcherServlet with name 'mvc-dispatcher'
2015-12-19 21:33:44 WARN  PageNotFound:1114 - No mapping found for HTTP request with URI [/SpringRestCrud/hello.js] in DispatcherServlet with name 'mvc-dispatcher'
2015-12-19 21:33:48 WARN  PageNotFound:1114 - No mapping found for HTTP request with URI [/SpringRestCrud/index] in DispatcherServlet with name 'mvc-dispatcher'
2015-12-19 21:34:13 INFO  XmlWebApplicationContext:873 - Closing WebApplicationContext for namespace 'mvc-dispatcher-servlet': startup date [Sat Dec 19 21:32:50 PST 2015]; root of context hierarchy
2015-12-19 21:34:14 INFO  DispatcherServlet:479 - FrameworkServlet 'mvc-dispatcher': initialization started
2015-12-19 21:34:14 INFO  XmlWebApplicationContext:513 - Refreshing WebApplicationContext for namespace 'mvc-dispatcher-servlet': startup date [Sat Dec 19 21:34:14 PST 2015]; root of context hierarchy
2015-12-19 21:34:14 INFO  XmlBeanDefinitionReader:316 - Loading XML bean definitions from ServletContext resource [/WEB-INF/spring-config.xml]
2015-12-19 21:34:15 INFO  DriverManagerDataSource:133 - Loaded JDBC driver: com.mysql.jdbc.Driver
2015-12-19 21:34:15 INFO  PostProcessorRegistrationDelegate$BeanPostProcessorChecker:309 - Bean 'dataSource' of type [class org.springframework.jdbc.datasource.DriverManagerDataSource] is not eligible for getting processed by all BeanPostProcessors (for example: not eligible for auto-proxying)
2015-12-19 21:34:15 INFO  Version:66 - HCANN000001: Hibernate Commons Annotations {4.0.4.Final}
2015-12-19 21:34:15 INFO  Version:54 - HHH000412: Hibernate Core {4.3.11.Final}
2015-12-19 21:34:15 INFO  Environment:239 - HHH000206: hibernate.properties not found
2015-12-19 21:34:15 INFO  Environment:346 - HHH000021: Bytecode provider name : javassist
2015-12-19 21:34:15 WARN  JdbcServicesImpl:204 - HHH000342: Could not obtain connection to query metadata : Access denied for user 'root'@'localhost' (using password: YES)
2015-12-19 21:34:15 INFO  Dialect:145 - HHH000400: Using dialect: org.hibernate.dialect.MySQL5Dialect
2015-12-19 21:34:15 INFO  LobCreatorBuilder:88 - HHH000422: Disabling contextual LOB creation as connection was null
2015-12-19 21:34:15 INFO  TransactionFactoryInitiator:62 - HHH000399: Using default transaction strategy (direct JDBC transactions)
2015-12-19 21:34:15 INFO  ASTQueryTranslatorFactory:47 - HHH000397: Using ASTQueryTranslatorFactory
2015-12-19 21:34:16 INFO  PostProcessorRegistrationDelegate$BeanPostProcessorChecker:309 - Bean 'sessionFactory' of type [class org.springframework.orm.hibernate4.LocalSessionFactoryBean] is not eligible for getting processed by all BeanPostProcessors (for example: not eligible for auto-proxying)
2015-12-19 21:34:16 INFO  RequestMappingHandlerMapping:197 - Mapped "{[/greeting-javaconfig],methods=[],params=[],headers=[],consumes=[],produces=[],custom=[]}" onto public com.appstore.entity.Greeting com.beingjavaguys.controller.GreetingController.greetingWithJavaconfig(java.lang.String)
2015-12-19 21:34:16 INFO  RequestMappingHandlerMapping:197 - Mapped "{[/greeting],methods=[],params=[],headers=[],consumes=[],produces=[],custom=[]}" onto public com.appstore.entity.Greeting com.beingjavaguys.controller.GreetingController.greeting(java.lang.String)
2015-12-19 21:34:16 INFO  RequestMappingHandlerMapping:197 - Mapped "{[/employee/greeting-javaconfig],methods=[],params=[],headers=[],consumes=[],produces=[],custom=[]}" onto public com.appstore.entity.Greeting com.beingjavaguys.controller.RestController.greetingWithJavaconfig(java.lang.String)
2015-12-19 21:34:16 INFO  RequestMappingHandlerMapping:197 - Mapped "{[/employee/greeting],methods=[],params=[],headers=[],consumes=[],produces=[],custom=[]}" onto public com.appstore.entity.Greeting com.beingjavaguys.controller.RestController.greeting(java.lang.String)
2015-12-19 21:34:16 INFO  RequestMappingHandlerMapping:197 - Mapped "{[/employee/create],methods=[POST],params=[],headers=[],consumes=[application/json],produces=[],custom=[]}" onto public com.beingjavaguys.model.Status com.beingjavaguys.controller.RestController.addEmployee(com.beingjavaguys.model.Employee)
2015-12-19 21:34:16 INFO  RequestMappingHandlerMapping:197 - Mapped "{[/employee/list],methods=[GET],params=[],headers=[],consumes=[],produces=[],custom=[]}" onto public java.util.List<com.beingjavaguys.model.Employee> com.beingjavaguys.controller.RestController.getEmployee()
2015-12-19 21:34:16 INFO  RequestMappingHandlerMapping:197 - Mapped "{[/employee/{id}],methods=[GET],params=[],headers=[],consumes=[],produces=[],custom=[]}" onto public com.beingjavaguys.model.Employee com.beingjavaguys.controller.RestController.getEmployee(long)
2015-12-19 21:34:16 INFO  RequestMappingHandlerMapping:197 - Mapped "{[/employee/delete/{id}],methods=[GET],params=[],headers=[],consumes=[],produces=[],custom=[]}" onto public com.beingjavaguys.model.Status com.beingjavaguys.controller.RestController.deleteEmployee(long)
2015-12-19 21:34:16 INFO  HibernateTransactionManager:339 - Using DataSource [org.springframework.jdbc.datasource.DriverManagerDataSource@74d95e14] of Hibernate SessionFactory for HibernateTransactionManager
2015-12-19 21:34:16 INFO  DispatcherServlet:498 - FrameworkServlet 'mvc-dispatcher': initialization completed in 1920 ms
2015-12-19 21:34:26 WARN  PageNotFound:1114 - No mapping found for HTTP request with URI [/SpringRestCrud/hello.js] in DispatcherServlet with name 'mvc-dispatcher'
2015-12-19 21:35:12 WARN  PageNotFound:1114 - No mapping found for HTTP request with URI [/SpringRestCrud/hello.js] in DispatcherServlet with name 'mvc-dispatcher'
2015-12-19 21:35:44 WARN  PageNotFound:1114 - No mapping found for HTTP request with URI [/SpringRestCrud/index.html] in DispatcherServlet with name 'mvc-dispatcher'
2015-12-19 21:35:51 WARN  PageNotFound:1114 - No mapping found for HTTP request with URI [/SpringRestCrud/hello.js] in DispatcherServlet with name 'mvc-dispatcher'
2015-12-19 21:36:25 WARN  PageNotFound:1114 - No mapping found for HTTP request with URI [/SpringRestCrud/hello.js] in DispatcherServlet with name 'mvc-dispatcher'
2015-12-19 21:38:26 INFO  XmlWebApplicationContext:873 - Closing WebApplicationContext for namespace 'mvc-dispatcher-servlet': startup date [Sat Dec 19 21:34:14 PST 2015]; root of context hierarchy
2015-12-19 21:38:28 INFO  DispatcherServlet:479 - FrameworkServlet 'mvc-dispatcher': initialization started
2015-12-19 21:38:28 INFO  XmlWebApplicationContext:513 - Refreshing WebApplicationContext for namespace 'mvc-dispatcher-servlet': startup date [Sat Dec 19 21:38:28 PST 2015]; root of context hierarchy
2015-12-19 21:38:28 INFO  XmlBeanDefinitionReader:316 - Loading XML bean definitions from ServletContext resource [/WEB-INF/spring-config.xml]
2015-12-19 21:38:28 INFO  DriverManagerDataSource:133 - Loaded JDBC driver: com.mysql.jdbc.Driver
2015-12-19 21:38:28 INFO  PostProcessorRegistrationDelegate$BeanPostProcessorChecker:309 - Bean 'dataSource' of type [class org.springframework.jdbc.datasource.DriverManagerDataSource] is not eligible for getting processed by all BeanPostProcessors (for example: not eligible for auto-proxying)
2015-12-19 21:38:28 INFO  Version:66 - HCANN000001: Hibernate Commons Annotations {4.0.4.Final}
2015-12-19 21:38:29 INFO  Version:54 - HHH000412: Hibernate Core {4.3.11.Final}
2015-12-19 21:38:29 INFO  Environment:239 - HHH000206: hibernate.properties not found
2015-12-19 21:38:29 INFO  Environment:346 - HHH000021: Bytecode provider name : javassist
2015-12-19 21:38:29 WARN  JdbcServicesImpl:204 - HHH000342: Could not obtain connection to query metadata : Access denied for user 'root'@'localhost' (using password: YES)
2015-12-19 21:38:29 INFO  Dialect:145 - HHH000400: Using dialect: org.hibernate.dialect.MySQL5Dialect
2015-12-19 21:38:29 INFO  LobCreatorBuilder:88 - HHH000422: Disabling contextual LOB creation as connection was null
2015-12-19 21:38:29 INFO  TransactionFactoryInitiator:62 - HHH000399: Using default transaction strategy (direct JDBC transactions)
2015-12-19 21:38:29 INFO  ASTQueryTranslatorFactory:47 - HHH000397: Using ASTQueryTranslatorFactory
2015-12-19 21:38:30 INFO  PostProcessorRegistrationDelegate$BeanPostProcessorChecker:309 - Bean 'sessionFactory' of type [class org.springframework.orm.hibernate4.LocalSessionFactoryBean] is not eligible for getting processed by all BeanPostProcessors (for example: not eligible for auto-proxying)
2015-12-19 21:38:30 INFO  RequestMappingHandlerMapping:197 - Mapped "{[/greeting-javaconfig],methods=[],params=[],headers=[],consumes=[],produces=[],custom=[]}" onto public com.appstore.entity.Greeting com.beingjavaguys.controller.GreetingController.greetingWithJavaconfig(java.lang.String)
2015-12-19 21:38:30 INFO  RequestMappingHandlerMapping:197 - Mapped "{[/greeting],methods=[],params=[],headers=[],consumes=[],produces=[],custom=[]}" onto public com.appstore.entity.Greeting com.beingjavaguys.controller.GreetingController.greeting(java.lang.String)
2015-12-19 21:38:30 INFO  RequestMappingHandlerMapping:197 - Mapped "{[/employee/greeting-javaconfig],methods=[],params=[],headers=[],consumes=[],produces=[],custom=[]}" onto public com.appstore.entity.Greeting com.beingjavaguys.controller.RestController.greetingWithJavaconfig(java.lang.String)
2015-12-19 21:38:30 INFO  RequestMappingHandlerMapping:197 - Mapped "{[/employee/greeting],methods=[],params=[],headers=[],consumes=[],produces=[],custom=[]}" onto public com.appstore.entity.Greeting com.beingjavaguys.controller.RestController.greeting(java.lang.String)
2015-12-19 21:38:30 INFO  RequestMappingHandlerMapping:197 - Mapped "{[/employee/create],methods=[POST],params=[],headers=[],consumes=[application/json],produces=[],custom=[]}" onto public com.beingjavaguys.model.Status com.beingjavaguys.controller.RestController.addEmployee(com.beingjavaguys.model.Employee)
2015-12-19 21:38:30 INFO  RequestMappingHandlerMapping:197 - Mapped "{[/employee/list],methods=[GET],params=[],headers=[],consumes=[],produces=[],custom=[]}" onto public java.util.List<com.beingjavaguys.model.Employee> com.beingjavaguys.controller.RestController.getEmployee()
2015-12-19 21:38:30 INFO  RequestMappingHandlerMapping:197 - Mapped "{[/employee/{id}],methods=[GET],params=[],headers=[],consumes=[],produces=[],custom=[]}" onto public com.beingjavaguys.model.Employee com.beingjavaguys.controller.RestController.getEmployee(long)
2015-12-19 21:38:30 INFO  RequestMappingHandlerMapping:197 - Mapped "{[/employee/delete/{id}],methods=[GET],params=[],headers=[],consumes=[],produces=[],custom=[]}" onto public com.beingjavaguys.model.Status com.beingjavaguys.controller.RestController.deleteEmployee(long)
2015-12-19 21:38:30 INFO  HibernateTransactionManager:339 - Using DataSource [org.springframework.jdbc.datasource.DriverManagerDataSource@669f6ced] of Hibernate SessionFactory for HibernateTransactionManager
2015-12-19 21:38:30 INFO  DispatcherServlet:498 - FrameworkServlet 'mvc-dispatcher': initialization completed in 2326 ms
2015-12-19 21:39:21 INFO  DispatcherServlet:479 - FrameworkServlet 'mvc-dispatcher': initialization started
2015-12-19 21:39:21 INFO  XmlWebApplicationContext:513 - Refreshing WebApplicationContext for namespace 'mvc-dispatcher-servlet': startup date [Sat Dec 19 21:39:21 PST 2015]; root of context hierarchy
2015-12-19 21:39:21 INFO  XmlBeanDefinitionReader:316 - Loading XML bean definitions from ServletContext resource [/WEB-INF/spring-config.xml]
2015-12-19 21:39:22 INFO  DriverManagerDataSource:133 - Loaded JDBC driver: com.mysql.jdbc.Driver
2015-12-19 21:39:22 INFO  PostProcessorRegistrationDelegate$BeanPostProcessorChecker:309 - Bean 'dataSource' of type [class org.springframework.jdbc.datasource.DriverManagerDataSource] is not eligible for getting processed by all BeanPostProcessors (for example: not eligible for auto-proxying)
2015-12-19 21:39:22 INFO  Version:66 - HCANN000001: Hibernate Commons Annotations {4.0.4.Final}
2015-12-19 21:39:22 INFO  Version:54 - HHH000412: Hibernate Core {4.3.11.Final}
2015-12-19 21:39:22 INFO  Environment:239 - HHH000206: hibernate.properties not found
2015-12-19 21:39:22 INFO  Environment:346 - HHH000021: Bytecode provider name : javassist
2015-12-19 21:39:23 WARN  JdbcServicesImpl:204 - HHH000342: Could not obtain connection to query metadata : Access denied for user 'root'@'localhost' (using password: YES)
2015-12-19 21:39:23 INFO  Dialect:145 - HHH000400: Using dialect: org.hibernate.dialect.MySQL5Dialect
2015-12-19 21:39:23 INFO  LobCreatorBuilder:88 - HHH000422: Disabling contextual LOB creation as connection was null
2015-12-19 21:39:23 INFO  TransactionFactoryInitiator:62 - HHH000399: Using default transaction strategy (direct JDBC transactions)
2015-12-19 21:39:23 INFO  ASTQueryTranslatorFactory:47 - HHH000397: Using ASTQueryTranslatorFactory
2015-12-19 21:39:23 INFO  PostProcessorRegistrationDelegate$BeanPostProcessorChecker:309 - Bean 'sessionFactory' of type [class org.springframework.orm.hibernate4.LocalSessionFactoryBean] is not eligible for getting processed by all BeanPostProcessors (for example: not eligible for auto-proxying)
2015-12-19 21:39:23 INFO  RequestMappingHandlerMapping:197 - Mapped "{[/greeting],methods=[],params=[],headers=[],consumes=[],produces=[],custom=[]}" onto public com.appstore.entity.Greeting com.beingjavaguys.controller.GreetingController.greeting(java.lang.String)
2015-12-19 21:39:23 INFO  RequestMappingHandlerMapping:197 - Mapped "{[/greeting-javaconfig],methods=[],params=[],headers=[],consumes=[],produces=[],custom=[]}" onto public com.appstore.entity.Greeting com.beingjavaguys.controller.GreetingController.greetingWithJavaconfig(java.lang.String)
2015-12-19 21:39:23 INFO  RequestMappingHandlerMapping:197 - Mapped "{[/employee/create],methods=[POST],params=[],headers=[],consumes=[application/json],produces=[],custom=[]}" onto public com.beingjavaguys.model.Status com.beingjavaguys.controller.RestController.addEmployee(com.beingjavaguys.model.Employee)
2015-12-19 21:39:23 INFO  RequestMappingHandlerMapping:197 - Mapped "{[/employee/greeting],methods=[],params=[],headers=[],consumes=[],produces=[],custom=[]}" onto public com.appstore.entity.Greeting com.beingjavaguys.controller.RestController.greeting(java.lang.String)
2015-12-19 21:39:23 INFO  RequestMappingHandlerMapping:197 - Mapped "{[/employee/delete/{id}],methods=[GET],params=[],headers=[],consumes=[],produces=[],custom=[]}" onto public com.beingjavaguys.model.Status com.beingjavaguys.controller.RestController.deleteEmployee(long)
2015-12-19 21:39:23 INFO  RequestMappingHandlerMapping:197 - Mapped "{[/employee/list],methods=[GET],params=[],headers=[],consumes=[],produces=[],custom=[]}" onto public java.util.List<com.beingjavaguys.model.Employee> com.beingjavaguys.controller.RestController.getEmployee()
2015-12-19 21:39:23 INFO  RequestMappingHandlerMapping:197 - Mapped "{[/employee/{id}],methods=[GET],params=[],headers=[],consumes=[],produces=[],custom=[]}" onto public com.beingjavaguys.model.Employee com.beingjavaguys.controller.RestController.getEmployee(long)
2015-12-19 21:39:23 INFO  RequestMappingHandlerMapping:197 - Mapped "{[/employee/greeting-javaconfig],methods=[],params=[],headers=[],consumes=[],produces=[],custom=[]}" onto public com.appstore.entity.Greeting com.beingjavaguys.controller.RestController.greetingWithJavaconfig(java.lang.String)
2015-12-19 21:39:24 INFO  HibernateTransactionManager:339 - Using DataSource [org.springframework.jdbc.datasource.DriverManagerDataSource@65a9dc82] of Hibernate SessionFactory for HibernateTransactionManager
2015-12-19 21:39:24 INFO  DispatcherServlet:498 - FrameworkServlet 'mvc-dispatcher': initialization completed in 2838 ms
2015-12-19 21:39:35 WARN  PageNotFound:1114 - No mapping found for HTTP request with URI [/SpringRestCrud/] in DispatcherServlet with name 'mvc-dispatcher'
2015-12-19 21:40:37 WARN  PageNotFound:1114 - No mapping found for HTTP request with URI [/SpringRestCrud/employee] in DispatcherServlet with name 'mvc-dispatcher'
2015-12-19 21:47:44 INFO  XmlWebApplicationContext:873 - Closing WebApplicationContext for namespace 'mvc-dispatcher-servlet': startup date [Sat Dec 19 21:39:21 PST 2015]; root of context hierarchy
2015-12-19 21:47:46 INFO  DispatcherServlet:479 - FrameworkServlet 'mvc-dispatcher': initialization started
2015-12-19 21:47:46 INFO  XmlWebApplicationContext:513 - Refreshing WebApplicationContext for namespace 'mvc-dispatcher-servlet': startup date [Sat Dec 19 21:47:46 PST 2015]; root of context hierarchy
2015-12-19 21:47:46 INFO  XmlBeanDefinitionReader:316 - Loading XML bean definitions from ServletContext resource [/WEB-INF/spring-config.xml]
2015-12-19 21:47:46 INFO  DriverManagerDataSource:133 - Loaded JDBC driver: com.mysql.jdbc.Driver
2015-12-19 21:47:46 INFO  PostProcessorRegistrationDelegate$BeanPostProcessorChecker:309 - Bean 'dataSource' of type [class org.springframework.jdbc.datasource.DriverManagerDataSource] is not eligible for getting processed by all BeanPostProcessors (for example: not eligible for auto-proxying)
2015-12-19 21:47:47 INFO  Version:66 - HCANN000001: Hibernate Commons Annotations {4.0.4.Final}
2015-12-19 21:47:47 INFO  Version:54 - HHH000412: Hibernate Core {4.3.11.Final}
2015-12-19 21:47:47 INFO  Environment:239 - HHH000206: hibernate.properties not found
2015-12-19 21:47:47 INFO  Environment:346 - HHH000021: Bytecode provider name : javassist
2015-12-19 21:47:47 WARN  JdbcServicesImpl:204 - HHH000342: Could not obtain connection to query metadata : Access denied for user 'root'@'localhost' (using password: YES)
2015-12-19 21:47:47 INFO  Dialect:145 - HHH000400: Using dialect: org.hibernate.dialect.MySQL5Dialect
2015-12-19 21:47:47 INFO  LobCreatorBuilder:88 - HHH000422: Disabling contextual LOB creation as connection was null
2015-12-19 21:47:47 INFO  TransactionFactoryInitiator:62 - HHH000399: Using default transaction strategy (direct JDBC transactions)
2015-12-19 21:47:47 INFO  ASTQueryTranslatorFactory:47 - HHH000397: Using ASTQueryTranslatorFactory
2015-12-19 21:47:48 INFO  PostProcessorRegistrationDelegate$BeanPostProcessorChecker:309 - Bean 'sessionFactory' of type [class org.springframework.orm.hibernate4.LocalSessionFactoryBean] is not eligible for getting processed by all BeanPostProcessors (for example: not eligible for auto-proxying)
2015-12-19 21:47:48 INFO  RequestMappingHandlerMapping:197 - Mapped "{[/greeting],methods=[],params=[],headers=[],consumes=[],produces=[],custom=[]}" onto public com.appstore.entity.Greeting com.beingjavaguys.controller.GreetingController.greeting(java.lang.String)
2015-12-19 21:47:48 INFO  RequestMappingHandlerMapping:197 - Mapped "{[/greeting-javaconfig],methods=[],params=[],headers=[],consumes=[],produces=[],custom=[]}" onto public com.appstore.entity.Greeting com.beingjavaguys.controller.GreetingController.greetingWithJavaconfig(java.lang.String)
2015-12-19 21:47:48 INFO  RequestMappingHandlerMapping:197 - Mapped "{[/employee/create],methods=[POST],params=[],headers=[],consumes=[application/json],produces=[],custom=[]}" onto public com.beingjavaguys.model.Status com.beingjavaguys.controller.RestController.addEmployee(com.beingjavaguys.model.Employee)
2015-12-19 21:47:48 INFO  RequestMappingHandlerMapping:197 - Mapped "{[/employee/delete/{id}],methods=[GET],params=[],headers=[],consumes=[],produces=[],custom=[]}" onto public com.beingjavaguys.model.Status com.beingjavaguys.controller.RestController.deleteEmployee(long)
2015-12-19 21:47:48 INFO  RequestMappingHandlerMapping:197 - Mapped "{[/employee/list],methods=[GET],params=[],headers=[],consumes=[],produces=[],custom=[]}" onto public java.util.List<com.beingjavaguys.model.Employee> com.beingjavaguys.controller.RestController.getEmployee()
2015-12-19 21:47:48 INFO  RequestMappingHandlerMapping:197 - Mapped "{[/employee/{id}],methods=[GET],params=[],headers=[],consumes=[],produces=[],custom=[]}" onto public com.beingjavaguys.model.Employee com.beingjavaguys.controller.RestController.getEmployee(long)
2015-12-19 21:47:48 INFO  HibernateTransactionManager:339 - Using DataSource [org.springframework.jdbc.datasource.DriverManagerDataSource@27c0fbb5] of Hibernate SessionFactory for HibernateTransactionManager
2015-12-19 21:47:48 INFO  DispatcherServlet:498 - FrameworkServlet 'mvc-dispatcher': initialization completed in 2362 ms
2015-12-19 21:55:25 INFO  DispatcherServlet:479 - FrameworkServlet 'mvc-dispatcher': initialization started
2015-12-19 21:55:25 INFO  XmlWebApplicationContext:513 - Refreshing WebApplicationContext for namespace 'mvc-dispatcher-servlet': startup date [Sat Dec 19 21:55:25 PST 2015]; root of context hierarchy
2015-12-19 21:55:25 INFO  XmlBeanDefinitionReader:316 - Loading XML bean definitions from ServletContext resource [/WEB-INF/spring-config.xml]
2015-12-19 21:55:26 INFO  DriverManagerDataSource:133 - Loaded JDBC driver: com.mysql.jdbc.Driver
2015-12-19 21:55:26 INFO  PostProcessorRegistrationDelegate$BeanPostProcessorChecker:309 - Bean 'dataSource' of type [class org.springframework.jdbc.datasource.DriverManagerDataSource] is not eligible for getting processed by all BeanPostProcessors (for example: not eligible for auto-proxying)
2015-12-19 21:55:27 INFO  Version:66 - HCANN000001: Hibernate Commons Annotations {4.0.4.Final}
2015-12-19 21:55:27 INFO  Version:54 - HHH000412: Hibernate Core {4.3.11.Final}
2015-12-19 21:55:27 INFO  Environment:239 - HHH000206: hibernate.properties not found
2015-12-19 21:55:27 INFO  Environment:346 - HHH000021: Bytecode provider name : javassist
2015-12-19 21:55:27 WARN  JdbcServicesImpl:204 - HHH000342: Could not obtain connection to query metadata : Access denied for user 'root'@'localhost' (using password: YES)
2015-12-19 21:55:27 INFO  Dialect:145 - HHH000400: Using dialect: org.hibernate.dialect.MySQL5Dialect
2015-12-19 21:55:27 INFO  LobCreatorBuilder:88 - HHH000422: Disabling contextual LOB creation as connection was null
2015-12-19 21:55:27 INFO  TransactionFactoryInitiator:62 - HHH000399: Using default transaction strategy (direct JDBC transactions)
2015-12-19 21:55:27 INFO  ASTQueryTranslatorFactory:47 - HHH000397: Using ASTQueryTranslatorFactory
2015-12-19 21:55:28 INFO  PostProcessorRegistrationDelegate$BeanPostProcessorChecker:309 - Bean 'sessionFactory' of type [class org.springframework.orm.hibernate4.LocalSessionFactoryBean] is not eligible for getting processed by all BeanPostProcessors (for example: not eligible for auto-proxying)
2015-12-19 21:55:28 INFO  SimpleUrlHandlerMapping:315 - Mapped URL path [/**] onto handler 'org.springframework.web.servlet.resource.DefaultServletHttpRequestHandler#0'
2015-12-19 21:55:28 INFO  RequestMappingHandlerMapping:197 - Mapped "{[/greeting-javaconfig],methods=[],params=[],headers=[],consumes=[],produces=[],custom=[]}" onto public com.appstore.entity.Greeting com.beingjavaguys.controller.GreetingController.greetingWithJavaconfig(java.lang.String)
2015-12-19 21:55:28 INFO  RequestMappingHandlerMapping:197 - Mapped "{[/greeting],methods=[],params=[],headers=[],consumes=[],produces=[],custom=[]}" onto public com.appstore.entity.Greeting com.beingjavaguys.controller.GreetingController.greeting(java.lang.String)
2015-12-19 21:55:28 INFO  RequestMappingHandlerMapping:197 - Mapped "{[/employee/delete/{id}],methods=[GET],params=[],headers=[],consumes=[],produces=[],custom=[]}" onto public com.beingjavaguys.model.Status com.beingjavaguys.controller.RestController.deleteEmployee(long)
2015-12-19 21:55:28 INFO  RequestMappingHandlerMapping:197 - Mapped "{[/employee/create],methods=[POST],params=[],headers=[],consumes=[application/json],produces=[],custom=[]}" onto public com.beingjavaguys.model.Status com.beingjavaguys.controller.RestController.addEmployee(com.beingjavaguys.model.Employee)
2015-12-19 21:55:28 INFO  RequestMappingHandlerMapping:197 - Mapped "{[/employee/list],methods=[GET],params=[],headers=[],consumes=[],produces=[],custom=[]}" onto public java.util.List<com.beingjavaguys.model.Employee> com.beingjavaguys.controller.RestController.getEmployee()
2015-12-19 21:55:28 INFO  RequestMappingHandlerMapping:197 - Mapped "{[/employee/{id}],methods=[GET],params=[],headers=[],consumes=[],produces=[],custom=[]}" onto public com.beingjavaguys.model.Employee com.beingjavaguys.controller.RestController.getEmployee(long)
2015-12-19 21:55:28 INFO  HibernateTransactionManager:339 - Using DataSource [org.springframework.jdbc.datasource.DriverManagerDataSource@993e33] of Hibernate SessionFactory for HibernateTransactionManager
2015-12-19 21:55:29 INFO  DispatcherServlet:498 - FrameworkServlet 'mvc-dispatcher': initialization completed in 3187 ms
2015-12-19 22:02:09 INFO  DispatcherServlet:479 - FrameworkServlet 'mvc-dispatcher': initialization started
2015-12-19 22:02:09 INFO  XmlWebApplicationContext:513 - Refreshing WebApplicationContext for namespace 'mvc-dispatcher-servlet': startup date [Sat Dec 19 22:02:09 PST 2015]; root of context hierarchy
2015-12-19 22:02:09 INFO  XmlBeanDefinitionReader:316 - Loading XML bean definitions from ServletContext resource [/WEB-INF/spring-config.xml]
2015-12-19 22:02:09 INFO  DriverManagerDataSource:133 - Loaded JDBC driver: com.mysql.jdbc.Driver
2015-12-19 22:02:09 INFO  PostProcessorRegistrationDelegate$BeanPostProcessorChecker:309 - Bean 'dataSource' of type [class org.springframework.jdbc.datasource.DriverManagerDataSource] is not eligible for getting processed by all BeanPostProcessors (for example: not eligible for auto-proxying)
2015-12-19 22:02:10 INFO  Version:66 - HCANN000001: Hibernate Commons Annotations {4.0.4.Final}
2015-12-19 22:02:10 INFO  Version:54 - HHH000412: Hibernate Core {4.3.11.Final}
2015-12-19 22:02:10 INFO  Environment:239 - HHH000206: hibernate.properties not found
2015-12-19 22:02:10 INFO  Environment:346 - HHH000021: Bytecode provider name : javassist
2015-12-19 22:02:10 WARN  JdbcServicesImpl:204 - HHH000342: Could not obtain connection to query metadata : Access denied for user 'root'@'localhost' (using password: YES)
2015-12-19 22:02:10 INFO  Dialect:145 - HHH000400: Using dialect: org.hibernate.dialect.MySQL5Dialect
2015-12-19 22:02:10 INFO  LobCreatorBuilder:88 - HHH000422: Disabling contextual LOB creation as connection was null
2015-12-19 22:02:10 INFO  TransactionFactoryInitiator:62 - HHH000399: Using default transaction strategy (direct JDBC transactions)
2015-12-19 22:02:10 INFO  ASTQueryTranslatorFactory:47 - HHH000397: Using ASTQueryTranslatorFactory
2015-12-19 22:02:11 INFO  PostProcessorRegistrationDelegate$BeanPostProcessorChecker:309 - Bean 'sessionFactory' of type [class org.springframework.orm.hibernate4.LocalSessionFactoryBean] is not eligible for getting processed by all BeanPostProcessors (for example: not eligible for auto-proxying)
2015-12-19 22:02:11 INFO  SimpleUrlHandlerMapping:315 - Mapped URL path [/**] onto handler 'org.springframework.web.servlet.resource.DefaultServletHttpRequestHandler#0'
2015-12-19 22:02:11 INFO  RequestMappingHandlerMapping:197 - Mapped "{[/greeting],methods=[],params=[],headers=[],consumes=[],produces=[],custom=[]}" onto public com.appstore.entity.Greeting com.beingjavaguys.controller.GreetingController.greeting(java.lang.String)
2015-12-19 22:02:11 INFO  RequestMappingHandlerMapping:197 - Mapped "{[/greeting-javaconfig],methods=[],params=[],headers=[],consumes=[],produces=[],custom=[]}" onto public com.appstore.entity.Greeting com.beingjavaguys.controller.GreetingController.greetingWithJavaconfig(java.lang.String)
2015-12-19 22:02:11 INFO  RequestMappingHandlerMapping:197 - Mapped "{[/employee/{id}],methods=[GET],params=[],headers=[],consumes=[],produces=[],custom=[]}" onto public com.beingjavaguys.model.Employee com.beingjavaguys.controller.RestController.getEmployee(long)
2015-12-19 22:02:11 INFO  RequestMappingHandlerMapping:197 - Mapped "{[/employee/list],methods=[GET],params=[],headers=[],consumes=[],produces=[],custom=[]}" onto public java.util.List<com.beingjavaguys.model.Employee> com.beingjavaguys.controller.RestController.getEmployee()
2015-12-19 22:02:11 INFO  RequestMappingHandlerMapping:197 - Mapped "{[/employee/delete/{id}],methods=[GET],params=[],headers=[],consumes=[],produces=[],custom=[]}" onto public com.beingjavaguys.model.Status com.beingjavaguys.controller.RestController.deleteEmployee(long)
2015-12-19 22:02:11 INFO  RequestMappingHandlerMapping:197 - Mapped "{[/employee/create],methods=[POST],params=[],headers=[],consumes=[application/json],produces=[],custom=[]}" onto public com.beingjavaguys.model.Status com.beingjavaguys.controller.RestController.addEmployee(com.beingjavaguys.model.Employee)
2015-12-19 22:02:12 INFO  HibernateTransactionManager:339 - Using DataSource [org.springframework.jdbc.datasource.DriverManagerDataSource@b54b051] of Hibernate SessionFactory for HibernateTransactionManager
2015-12-19 22:02:12 INFO  DispatcherServlet:498 - FrameworkServlet 'mvc-dispatcher': initialization completed in 2852 ms
2015-12-19 22:06:00 INFO  DispatcherServlet:479 - FrameworkServlet 'mvc-dispatcher': initialization started
2015-12-19 22:06:00 INFO  XmlWebApplicationContext:513 - Refreshing WebApplicationContext for namespace 'mvc-dispatcher-servlet': startup date [Sat Dec 19 22:06:00 PST 2015]; root of context hierarchy
2015-12-19 22:06:00 INFO  XmlBeanDefinitionReader:316 - Loading XML bean definitions from ServletContext resource [/WEB-INF/spring-config.xml]
2015-12-19 22:06:02 INFO  DriverManagerDataSource:133 - Loaded JDBC driver: com.mysql.jdbc.Driver
2015-12-19 22:06:02 INFO  PostProcessorRegistrationDelegate$BeanPostProcessorChecker:309 - Bean 'dataSource' of type [class org.springframework.jdbc.datasource.DriverManagerDataSource] is not eligible for getting processed by all BeanPostProcessors (for example: not eligible for auto-proxying)
2015-12-19 22:06:02 INFO  Version:66 - HCANN000001: Hibernate Commons Annotations {4.0.4.Final}
2015-12-19 22:06:02 INFO  Version:54 - HHH000412: Hibernate Core {4.3.11.Final}
2015-12-19 22:06:02 INFO  Environment:239 - HHH000206: hibernate.properties not found
2015-12-19 22:06:02 INFO  Environment:346 - HHH000021: Bytecode provider name : javassist
2015-12-19 22:06:03 WARN  JdbcServicesImpl:204 - HHH000342: Could not obtain connection to query metadata : Access denied for user 'root'@'localhost' (using password: YES)
2015-12-19 22:06:03 INFO  Dialect:145 - HHH000400: Using dialect: org.hibernate.dialect.MySQL5Dialect
2015-12-19 22:06:03 INFO  LobCreatorBuilder:88 - HHH000422: Disabling contextual LOB creation as connection was null
2015-12-19 22:06:03 INFO  TransactionFactoryInitiator:62 - HHH000399: Using default transaction strategy (direct JDBC transactions)
2015-12-19 22:06:03 INFO  ASTQueryTranslatorFactory:47 - HHH000397: Using ASTQueryTranslatorFactory
2015-12-19 22:06:04 INFO  PostProcessorRegistrationDelegate$BeanPostProcessorChecker:309 - Bean 'sessionFactory' of type [class org.springframework.orm.hibernate4.LocalSessionFactoryBean] is not eligible for getting processed by all BeanPostProcessors (for example: not eligible for auto-proxying)
2015-12-19 22:06:04 INFO  SimpleUrlHandlerMapping:315 - Mapped URL path [/**] onto handler 'org.springframework.web.servlet.resource.DefaultServletHttpRequestHandler#0'
2015-12-19 22:06:04 INFO  RequestMappingHandlerMapping:197 - Mapped "{[/greeting],methods=[],params=[],headers=[],consumes=[],produces=[],custom=[]}" onto public com.appstore.entity.Greeting com.beingjavaguys.controller.GreetingController.greeting(java.lang.String)
2015-12-19 22:06:04 INFO  RequestMappingHandlerMapping:197 - Mapped "{[/greeting-javaconfig],methods=[],params=[],headers=[],consumes=[],produces=[],custom=[]}" onto public com.appstore.entity.Greeting com.beingjavaguys.controller.GreetingController.greetingWithJavaconfig(java.lang.String)
2015-12-19 22:06:04 INFO  RequestMappingHandlerMapping:197 - Mapped "{[/employee/create],methods=[POST],params=[],headers=[],consumes=[application/json],produces=[],custom=[]}" onto public com.beingjavaguys.model.Status com.beingjavaguys.controller.RestController.addEmployee(com.beingjavaguys.model.Employee)
2015-12-19 22:06:04 INFO  RequestMappingHandlerMapping:197 - Mapped "{[/employee/list],methods=[GET],params=[],headers=[],consumes=[],produces=[],custom=[]}" onto public java.util.List<com.beingjavaguys.model.Employee> com.beingjavaguys.controller.RestController.getEmployee()
2015-12-19 22:06:04 INFO  RequestMappingHandlerMapping:197 - Mapped "{[/employee/{id}],methods=[GET],params=[],headers=[],consumes=[],produces=[],custom=[]}" onto public com.beingjavaguys.model.Employee com.beingjavaguys.controller.RestController.getEmployee(long)
2015-12-19 22:06:04 INFO  RequestMappingHandlerMapping:197 - Mapped "{[/employee/delete/{id}],methods=[GET],params=[],headers=[],consumes=[],produces=[],custom=[]}" onto public com.beingjavaguys.model.Status com.beingjavaguys.controller.RestController.deleteEmployee(long)
2015-12-19 22:06:05 INFO  HibernateTransactionManager:339 - Using DataSource [org.springframework.jdbc.datasource.DriverManagerDataSource@2db8c64a] of Hibernate SessionFactory for HibernateTransactionManager
2015-12-19 22:06:05 INFO  DispatcherServlet:498 - FrameworkServlet 'mvc-dispatcher': initialization completed in 4606 ms
2015-12-19 22:06:46 INFO  DispatcherServlet:479 - FrameworkServlet 'mvc-dispatcher': initialization started
2015-12-19 22:06:46 INFO  XmlWebApplicationContext:513 - Refreshing WebApplicationContext for namespace 'mvc-dispatcher-servlet': startup date [Sat Dec 19 22:06:46 PST 2015]; root of context hierarchy
2015-12-19 22:06:47 INFO  XmlBeanDefinitionReader:316 - Loading XML bean definitions from ServletContext resource [/WEB-INF/spring-config.xml]
2015-12-19 22:06:47 INFO  DriverManagerDataSource:133 - Loaded JDBC driver: com.mysql.jdbc.Driver
2015-12-19 22:06:47 INFO  PostProcessorRegistrationDelegate$BeanPostProcessorChecker:309 - Bean 'dataSource' of type [class org.springframework.jdbc.datasource.DriverManagerDataSource] is not eligible for getting processed by all BeanPostProcessors (for example: not eligible for auto-proxying)
2015-12-19 22:06:47 INFO  Version:66 - HCANN000001: Hibernate Commons Annotations {4.0.4.Final}
2015-12-19 22:06:47 INFO  Version:54 - HHH000412: Hibernate Core {4.3.11.Final}
2015-12-19 22:06:47 INFO  Environment:239 - HHH000206: hibernate.properties not found
2015-12-19 22:06:48 INFO  Environment:346 - HHH000021: Bytecode provider name : javassist
2015-12-19 22:06:48 WARN  JdbcServicesImpl:204 - HHH000342: Could not obtain connection to query metadata : Access denied for user 'root'@'localhost' (using password: YES)
2015-12-19 22:06:48 INFO  Dialect:145 - HHH000400: Using dialect: org.hibernate.dialect.MySQL5Dialect
2015-12-19 22:06:48 INFO  LobCreatorBuilder:88 - HHH000422: Disabling contextual LOB creation as connection was null
2015-12-19 22:06:48 INFO  TransactionFactoryInitiator:62 - HHH000399: Using default transaction strategy (direct JDBC transactions)
2015-12-19 22:06:48 INFO  ASTQueryTranslatorFactory:47 - HHH000397: Using ASTQueryTranslatorFactory
2015-12-19 22:06:49 INFO  PostProcessorRegistrationDelegate$BeanPostProcessorChecker:309 - Bean 'sessionFactory' of type [class org.springframework.orm.hibernate4.LocalSessionFactoryBean] is not eligible for getting processed by all BeanPostProcessors (for example: not eligible for auto-proxying)
2015-12-19 22:06:49 INFO  SimpleUrlHandlerMapping:315 - Mapped URL path [/**] onto handler 'org.springframework.web.servlet.resource.DefaultServletHttpRequestHandler#0'
2015-12-19 22:06:49 INFO  RequestMappingHandlerMapping:197 - Mapped "{[/greeting],methods=[],params=[],headers=[],consumes=[],produces=[],custom=[]}" onto public com.appstore.entity.Greeting com.beingjavaguys.controller.GreetingController.greeting(java.lang.String)
2015-12-19 22:06:49 INFO  RequestMappingHandlerMapping:197 - Mapped "{[/greeting-javaconfig],methods=[],params=[],headers=[],consumes=[],produces=[],custom=[]}" onto public com.appstore.entity.Greeting com.beingjavaguys.controller.GreetingController.greetingWithJavaconfig(java.lang.String)
2015-12-19 22:06:49 INFO  RequestMappingHandlerMapping:197 - Mapped "{[/employee/delete/{id}],methods=[GET],params=[],headers=[],consumes=[],produces=[],custom=[]}" onto public com.beingjavaguys.model.Status com.beingjavaguys.controller.RestController.deleteEmployee(long)
2015-12-19 22:06:49 INFO  RequestMappingHandlerMapping:197 - Mapped "{[/employee/create],methods=[POST],params=[],headers=[],consumes=[application/json],produces=[],custom=[]}" onto public com.beingjavaguys.model.Status com.beingjavaguys.controller.RestController.addEmployee(com.beingjavaguys.model.Employee)
2015-12-19 22:06:49 INFO  RequestMappingHandlerMapping:197 - Mapped "{[/employee/list],methods=[GET],params=[],headers=[],consumes=[],produces=[],custom=[]}" onto public java.util.List<com.beingjavaguys.model.Employee> com.beingjavaguys.controller.RestController.getEmployee()
2015-12-19 22:06:49 INFO  RequestMappingHandlerMapping:197 - Mapped "{[/employee/{id}],methods=[GET],params=[],headers=[],consumes=[],produces=[],custom=[]}" onto public com.beingjavaguys.model.Employee com.beingjavaguys.controller.RestController.getEmployee(long)
2015-12-19 22:06:49 INFO  HibernateTransactionManager:339 - Using DataSource [org.springframework.jdbc.datasource.DriverManagerDataSource@6341caf7] of Hibernate SessionFactory for HibernateTransactionManager
2015-12-19 22:06:49 INFO  DispatcherServlet:498 - FrameworkServlet 'mvc-dispatcher': initialization completed in 3036 ms
2015-12-19 22:11:20 INFO  DispatcherServlet:479 - FrameworkServlet 'mvc-dispatcher': initialization started
2015-12-19 22:11:20 INFO  XmlWebApplicationContext:513 - Refreshing WebApplicationContext for namespace 'mvc-dispatcher-servlet': startup date [Sat Dec 19 22:11:20 PST 2015]; root of context hierarchy
2015-12-19 22:11:20 INFO  XmlBeanDefinitionReader:316 - Loading XML bean definitions from ServletContext resource [/WEB-INF/spring-config.xml]
2015-12-19 22:11:21 INFO  DriverManagerDataSource:133 - Loaded JDBC driver: com.mysql.jdbc.Driver
2015-12-19 22:11:21 INFO  PostProcessorRegistrationDelegate$BeanPostProcessorChecker:309 - Bean 'dataSource' of type [class org.springframework.jdbc.datasource.DriverManagerDataSource] is not eligible for getting processed by all BeanPostProcessors (for example: not eligible for auto-proxying)
2015-12-19 22:11:21 INFO  Version:66 - HCANN000001: Hibernate Commons Annotations {4.0.4.Final}
2015-12-19 22:11:21 INFO  Version:54 - HHH000412: Hibernate Core {4.3.11.Final}
2015-12-19 22:11:21 INFO  Environment:239 - HHH000206: hibernate.properties not found
2015-12-19 22:11:21 INFO  Environment:346 - HHH000021: Bytecode provider name : javassist
2015-12-19 22:11:22 WARN  JdbcServicesImpl:204 - HHH000342: Could not obtain connection to query metadata : Access denied for user 'root'@'localhost' (using password: YES)
2015-12-19 22:11:22 INFO  Dialect:145 - HHH000400: Using dialect: org.hibernate.dialect.MySQL5Dialect
2015-12-19 22:11:22 INFO  LobCreatorBuilder:88 - HHH000422: Disabling contextual LOB creation as connection was null
2015-12-19 22:11:22 INFO  TransactionFactoryInitiator:62 - HHH000399: Using default transaction strategy (direct JDBC transactions)
2015-12-19 22:11:22 INFO  ASTQueryTranslatorFactory:47 - HHH000397: Using ASTQueryTranslatorFactory
2015-12-19 22:11:22 INFO  PostProcessorRegistrationDelegate$BeanPostProcessorChecker:309 - Bean 'sessionFactory' of type [class org.springframework.orm.hibernate4.LocalSessionFactoryBean] is not eligible for getting processed by all BeanPostProcessors (for example: not eligible for auto-proxying)
2015-12-19 22:11:23 INFO  SimpleUrlHandlerMapping:315 - Mapped URL path [/**] onto handler 'org.springframework.web.servlet.resource.DefaultServletHttpRequestHandler#0'
2015-12-19 22:11:23 INFO  RequestMappingHandlerMapping:197 - Mapped "{[/greeting/greeting-javaconfig],methods=[],params=[],headers=[],consumes=[],produces=[],custom=[]}" onto public com.appstore.entity.Greeting com.beingjavaguys.controller.GreetingController.greetingWithJavaconfig(java.lang.String)
2015-12-19 22:11:23 INFO  RequestMappingHandlerMapping:197 - Mapped "{[/employee/create],methods=[POST],params=[],headers=[],consumes=[application/json],produces=[],custom=[]}" onto public com.beingjavaguys.model.Status com.beingjavaguys.controller.RestController.addEmployee(com.beingjavaguys.model.Employee)
2015-12-19 22:11:23 INFO  RequestMappingHandlerMapping:197 - Mapped "{[/employee/list],methods=[GET],params=[],headers=[],consumes=[],produces=[],custom=[]}" onto public java.util.List<com.beingjavaguys.model.Employee> com.beingjavaguys.controller.RestController.getEmployee()
2015-12-19 22:11:23 INFO  RequestMappingHandlerMapping:197 - Mapped "{[/employee/{id}],methods=[GET],params=[],headers=[],consumes=[],produces=[],custom=[]}" onto public com.beingjavaguys.model.Employee com.beingjavaguys.controller.RestController.getEmployee(long)
2015-12-19 22:11:23 INFO  RequestMappingHandlerMapping:197 - Mapped "{[/employee/delete/{id}],methods=[GET],params=[],headers=[],consumes=[],produces=[],custom=[]}" onto public com.beingjavaguys.model.Status com.beingjavaguys.controller.RestController.deleteEmployee(long)
2015-12-19 22:11:23 INFO  HibernateTransactionManager:339 - Using DataSource [org.springframework.jdbc.datasource.DriverManagerDataSource@3245a264] of Hibernate SessionFactory for HibernateTransactionManager
2015-12-19 22:11:23 INFO  DispatcherServlet:498 - FrameworkServlet 'mvc-dispatcher': initialization completed in 3067 ms
2015-12-19 22:26:51 INFO  DispatcherServlet:479 - FrameworkServlet 'mvc-dispatcher': initialization started
2015-12-19 22:26:51 INFO  XmlWebApplicationContext:513 - Refreshing WebApplicationContext for namespace 'mvc-dispatcher-servlet': startup date [Sat Dec 19 22:26:51 PST 2015]; root of context hierarchy
2015-12-19 22:26:51 INFO  XmlBeanDefinitionReader:316 - Loading XML bean definitions from ServletContext resource [/WEB-INF/spring-config.xml]
2015-12-19 22:26:52 INFO  DriverManagerDataSource:133 - Loaded JDBC driver: com.mysql.jdbc.Driver
2015-12-19 22:26:52 INFO  PostProcessorRegistrationDelegate$BeanPostProcessorChecker:309 - Bean 'dataSource' of type [class org.springframework.jdbc.datasource.DriverManagerDataSource] is not eligible for getting processed by all BeanPostProcessors (for example: not eligible for auto-proxying)
2015-12-19 22:26:52 INFO  Version:66 - HCANN000001: Hibernate Commons Annotations {4.0.4.Final}
2015-12-19 22:26:52 INFO  Version:54 - HHH000412: Hibernate Core {4.3.11.Final}
2015-12-19 22:26:52 INFO  Environment:239 - HHH000206: hibernate.properties not found
2015-12-19 22:26:52 INFO  Environment:346 - HHH000021: Bytecode provider name : javassist
2015-12-19 22:26:53 WARN  JdbcServicesImpl:204 - HHH000342: Could not obtain connection to query metadata : Access denied for user 'root'@'localhost' (using password: YES)
2015-12-19 22:26:53 INFO  Dialect:145 - HHH000400: Using dialect: org.hibernate.dialect.MySQL5Dialect
2015-12-19 22:26:53 INFO  LobCreatorBuilder:88 - HHH000422: Disabling contextual LOB creation as connection was null
2015-12-19 22:26:53 INFO  TransactionFactoryInitiator:62 - HHH000399: Using default transaction strategy (direct JDBC transactions)
2015-12-19 22:26:53 INFO  ASTQueryTranslatorFactory:47 - HHH000397: Using ASTQueryTranslatorFactory
2015-12-19 22:26:54 INFO  PostProcessorRegistrationDelegate$BeanPostProcessorChecker:309 - Bean 'sessionFactory' of type [class org.springframework.orm.hibernate4.LocalSessionFactoryBean] is not eligible for getting processed by all BeanPostProcessors (for example: not eligible for auto-proxying)
2015-12-19 22:26:54 INFO  SimpleUrlHandlerMapping:315 - Mapped URL path [/**] onto handler 'org.springframework.web.servlet.resource.DefaultServletHttpRequestHandler#0'
2015-12-19 22:26:54 INFO  RequestMappingHandlerMapping:197 - Mapped "{[/greeting],methods=[],params=[],headers=[],consumes=[],produces=[],custom=[]}" onto public com.appstore.entity.Greeting com.beingjavaguys.controller.GreetingController.greeting(java.lang.String)
2015-12-19 22:26:54 INFO  RequestMappingHandlerMapping:197 - Mapped "{[/greeting-javaconfig],methods=[],params=[],headers=[],consumes=[],produces=[],custom=[]}" onto public com.appstore.entity.Greeting com.beingjavaguys.controller.GreetingController.greetingWithJavaconfig(java.lang.String)
2015-12-19 22:26:54 INFO  RequestMappingHandlerMapping:197 - Mapped "{[/employee/{id}],methods=[GET],params=[],headers=[],consumes=[],produces=[],custom=[]}" onto public com.beingjavaguys.model.Employee com.beingjavaguys.controller.RestController.getEmployee(long)
2015-12-19 22:26:54 INFO  RequestMappingHandlerMapping:197 - Mapped "{[/employee/list],methods=[GET],params=[],headers=[],consumes=[],produces=[],custom=[]}" onto public java.util.List<com.beingjavaguys.model.Employee> com.beingjavaguys.controller.RestController.getEmployee()
2015-12-19 22:26:54 INFO  RequestMappingHandlerMapping:197 - Mapped "{[/employee/create],methods=[POST],params=[],headers=[],consumes=[application/json],produces=[],custom=[]}" onto public com.beingjavaguys.model.Status com.beingjavaguys.controller.RestController.addEmployee(com.beingjavaguys.model.Employee)
2015-12-19 22:26:54 INFO  RequestMappingHandlerMapping:197 - Mapped "{[/employee/delete/{id}],methods=[GET],params=[],headers=[],consumes=[],produces=[],custom=[]}" onto public com.beingjavaguys.model.Status com.beingjavaguys.controller.RestController.deleteEmployee(long)
2015-12-19 22:26:55 INFO  HibernateTransactionManager:339 - Using DataSource [org.springframework.jdbc.datasource.DriverManagerDataSource@764f3df4] of Hibernate SessionFactory for HibernateTransactionManager
2015-12-19 22:26:55 INFO  DispatcherServlet:498 - FrameworkServlet 'mvc-dispatcher': initialization completed in 3609 ms
2015-12-19 22:41:53 INFO  DispatcherServlet:479 - FrameworkServlet 'mvc-dispatcher': initialization started
2015-12-19 22:41:53 INFO  XmlWebApplicationContext:513 - Refreshing WebApplicationContext for namespace 'mvc-dispatcher-servlet': startup date [Sat Dec 19 22:41:53 PST 2015]; root of context hierarchy
2015-12-19 22:41:53 INFO  XmlBeanDefinitionReader:316 - Loading XML bean definitions from ServletContext resource [/WEB-INF/spring-config.xml]
2015-12-19 22:41:54 INFO  DriverManagerDataSource:133 - Loaded JDBC driver: com.mysql.jdbc.Driver
2015-12-19 22:41:54 INFO  PostProcessorRegistrationDelegate$BeanPostProcessorChecker:309 - Bean 'dataSource' of type [class org.springframework.jdbc.datasource.DriverManagerDataSource] is not eligible for getting processed by all BeanPostProcessors (for example: not eligible for auto-proxying)
2015-12-19 22:41:54 INFO  Version:66 - HCANN000001: Hibernate Commons Annotations {4.0.4.Final}
2015-12-19 22:41:54 INFO  Version:54 - HHH000412: Hibernate Core {4.3.11.Final}
2015-12-19 22:41:54 INFO  Environment:239 - HHH000206: hibernate.properties not found
2015-12-19 22:41:54 INFO  Environment:346 - HHH000021: Bytecode provider name : javassist
2015-12-19 22:41:55 WARN  JdbcServicesImpl:204 - HHH000342: Could not obtain connection to query metadata : Access denied for user 'root'@'localhost' (using password: YES)
2015-12-19 22:41:55 INFO  Dialect:145 - HHH000400: Using dialect: org.hibernate.dialect.MySQL5Dialect
2015-12-19 22:41:55 INFO  LobCreatorBuilder:88 - HHH000422: Disabling contextual LOB creation as connection was null
2015-12-19 22:41:55 INFO  TransactionFactoryInitiator:62 - HHH000399: Using default transaction strategy (direct JDBC transactions)
2015-12-19 22:41:55 INFO  ASTQueryTranslatorFactory:47 - HHH000397: Using ASTQueryTranslatorFactory
2015-12-19 22:41:55 INFO  PostProcessorRegistrationDelegate$BeanPostProcessorChecker:309 - Bean 'sessionFactory' of type [class org.springframework.orm.hibernate4.LocalSessionFactoryBean] is not eligible for getting processed by all BeanPostProcessors (for example: not eligible for auto-proxying)
2015-12-19 22:41:55 INFO  SimpleUrlHandlerMapping:315 - Mapped URL path [/**] onto handler 'org.springframework.web.servlet.resource.DefaultServletHttpRequestHandler#0'
2015-12-19 22:41:56 INFO  RequestMappingHandlerMapping:197 - Mapped "{[/greeting-javaconfig],methods=[],params=[],headers=[],consumes=[],produces=[],custom=[]}" onto public com.appstore.entity.Greeting com.beingjavaguys.controller.GreetingController.greetingWithJavaconfig(java.lang.String)
2015-12-19 22:41:56 INFO  RequestMappingHandlerMapping:197 - Mapped "{[/greeting],methods=[],params=[],headers=[],consumes=[],produces=[],custom=[]}" onto public com.appstore.entity.Greeting com.beingjavaguys.controller.GreetingController.greeting(java.lang.String)
2015-12-19 22:41:56 INFO  RequestMappingHandlerMapping:197 - Mapped "{[/employee],methods=[],params=[],headers=[],consumes=[],produces=[],custom=[]}" onto public com.appstore.entity.Greeting com.beingjavaguys.controller.RestController.greeting(java.lang.String)
2015-12-19 22:41:56 INFO  HibernateTransactionManager:339 - Using DataSource [org.springframework.jdbc.datasource.DriverManagerDataSource@653654b0] of Hibernate SessionFactory for HibernateTransactionManager
2015-12-19 22:41:56 INFO  DispatcherServlet:498 - FrameworkServlet 'mvc-dispatcher': initialization completed in 2981 ms
